Document: ID=input6.txt (1 sentences, 44 tokens)

Sentence #1 (44 tokens):
Coming home from very lonely places, all of us go a little mad: whether from great personal success, or just an all-night drive, we are the sole survivors of a world no one else has ever seen.

Tokens:
[Text=Coming CharacterOffsetBegin=0 CharacterOffsetEnd=6 PartOfSpeech=VBG]
[Text=home CharacterOffsetBegin=7 CharacterOffsetEnd=11 PartOfSpeech=RB]
[Text=from CharacterOffsetBegin=12 CharacterOffsetEnd=16 PartOfSpeech=IN]
[Text=very CharacterOffsetBegin=17 CharacterOffsetEnd=21 PartOfSpeech=RB]
[Text=lonely CharacterOffsetBegin=22 CharacterOffsetEnd=28 PartOfSpeech=JJ]
[Text=places CharacterOffsetBegin=29 CharacterOffsetEnd=35 PartOfSpeech=NNS]
[Text=, CharacterOffsetBegin=35 CharacterOffsetEnd=36 PartOfSpeech=,]
[Text=all CharacterOffsetBegin=37 CharacterOffsetEnd=40 PartOfSpeech=DT]
[Text=of CharacterOffsetBegin=41 CharacterOffsetEnd=43 PartOfSpeech=IN]
[Text=us CharacterOffsetBegin=44 CharacterOffsetEnd=46 PartOfSpeech=PRP]
[Text=go CharacterOffsetBegin=47 CharacterOffsetEnd=49 PartOfSpeech=VB]
[Text=a CharacterOffsetBegin=50 CharacterOffsetEnd=51 PartOfSpeech=DT]
[Text=little CharacterOffsetBegin=52 CharacterOffsetEnd=58 PartOfSpeech=JJ]
[Text=mad CharacterOffsetBegin=59 CharacterOffsetEnd=62 PartOfSpeech=JJ]
[Text=: CharacterOffsetBegin=62 CharacterOffsetEnd=63 PartOfSpeech=:]
[Text=whether CharacterOffsetBegin=64 CharacterOffsetEnd=71 PartOfSpeech=IN]
[Text=from CharacterOffsetBegin=72 CharacterOffsetEnd=76 PartOfSpeech=IN]
[Text=great CharacterOffsetBegin=77 CharacterOffsetEnd=82 PartOfSpeech=JJ]
[Text=personal CharacterOffsetBegin=83 CharacterOffsetEnd=91 PartOfSpeech=JJ]
[Text=success CharacterOffsetBegin=92 CharacterOffsetEnd=99 PartOfSpeech=NN]
[Text=, CharacterOffsetBegin=99 CharacterOffsetEnd=100 PartOfSpeech=,]
[Text=or CharacterOffsetBegin=101 CharacterOffsetEnd=103 PartOfSpeech=CC]
[Text=just CharacterOffsetBegin=104 CharacterOffsetEnd=108 PartOfSpeech=RB]
[Text=an CharacterOffsetBegin=109 CharacterOffsetEnd=111 PartOfSpeech=DT]
[Text=all CharacterOffsetBegin=112 CharacterOffsetEnd=115 PartOfSpeech=DT]
[Text=- CharacterOffsetBegin=115 CharacterOffsetEnd=116 PartOfSpeech=HYPH]
[Text=night CharacterOffsetBegin=116 CharacterOffsetEnd=121 PartOfSpeech=NN]
[Text=drive CharacterOffsetBegin=122 CharacterOffsetEnd=127 PartOfSpeech=NN]
[Text=, CharacterOffsetBegin=127 CharacterOffsetEnd=128 PartOfSpeech=,]
[Text=we CharacterOffsetBegin=129 CharacterOffsetEnd=131 PartOfSpeech=PRP]
[Text=are CharacterOffsetBegin=132 CharacterOffsetEnd=135 PartOfSpeech=VBP]
[Text=the CharacterOffsetBegin=136 CharacterOffsetEnd=139 PartOfSpeech=DT]
[Text=sole CharacterOffsetBegin=140 CharacterOffsetEnd=144 PartOfSpeech=JJ]
[Text=survivors CharacterOffsetBegin=145 CharacterOffsetEnd=154 PartOfSpeech=NNS]
[Text=of CharacterOffsetBegin=155 CharacterOffsetEnd=157 PartOfSpeech=IN]
[Text=a CharacterOffsetBegin=158 CharacterOffsetEnd=159 PartOfSpeech=DT]
[Text=world CharacterOffsetBegin=160 CharacterOffsetEnd=165 PartOfSpeech=NN]
[Text=no CharacterOffsetBegin=166 CharacterOffsetEnd=168 PartOfSpeech=DT]
[Text=one CharacterOffsetBegin=169 CharacterOffsetEnd=172 PartOfSpeech=NN]
[Text=else CharacterOffsetBegin=173 CharacterOffsetEnd=177 PartOfSpeech=RB]
[Text=has CharacterOffsetBegin=178 CharacterOffsetEnd=181 PartOfSpeech=VBZ]
[Text=ever CharacterOffsetBegin=182 CharacterOffsetEnd=186 PartOfSpeech=RB]
[Text=seen CharacterOffsetBegin=187 CharacterOffsetEnd=191 PartOfSpeech=VBN]
[Text=. CharacterOffsetBegin=191 CharacterOffsetEnd=192 PartOfSpeech=.]

Dependency Parse (enhanced plus plus dependencies):
root(ROOT-0, Coming-1)
advmod(Coming-1, home-2)
case(places-6, from-3)
advmod(lonely-5, very-4)
amod(places-6, lonely-5)
obl:from(Coming-1, places-6)
punct(Coming-1, ,-7)
det:qmod(us-10, all-8)
fixed(all-8, of-9)
nsubj(go-11, us-10)
dep(Coming-1, go-11)
det(little-13, a-12)
obl:npmod(mad-14, little-13)
xcomp(go-11, mad-14)
punct(go-11, :-15)
mark(survivors-34, whether-16)
case(success-20, from-17)
amod(success-20, great-18)
amod(success-20, personal-19)
obl:from(survivors-34, success-20)
punct(success-20, ,-21)
cc(drive-28, or-22)
advmod(drive-28, just-23)
det(drive-28, an-24)
det(night-27, all-25)
punct(night-27, --26)
compound(drive-28, night-27)
conj:or(success-20, drive-28)
obl:from(survivors-34, drive-28)
punct(survivors-34, ,-29)
nsubj(survivors-34, we-30)
cop(survivors-34, are-31)
det(survivors-34, the-32)
amod(survivors-34, sole-33)
advcl:whether(seen-43, survivors-34)
case(world-37, of-35)
det(world-37, a-36)
nmod:of(survivors-34, world-37)
det(one-39, no-38)
nsubj(seen-43, one-39)
advmod(one-39, else-40)
aux(seen-43, has-41)
advmod(seen-43, ever-42)
parataxis(go-11, seen-43)
punct(Coming-1, .-44)
